app/build/intermediates/manifest_merge_blame_file/release/manifest-merger-blame-release-report.txt
1<?xml version="1.0" encoding="utf-8"?>
2<manifest xmlns:android="http://schemas.android.com/apk/res/android"
3    package="com.minecraft.mcustom"
4    android:versionCode="2"
5    android:versionName="0.8" >
6
7    <uses-sdk
8        android:minSdkVersion="21"
8-->src\main\AndroidManifest.xml
9        android:targetSdkVersion="33" />
9-->src\main\AndroidManifest.xml
10
11    <uses-permission android:name="android.permission.ACCESS_MEDIA_LOCATION" />
11-->src\main\AndroidManifest.xml:6:5-80
11-->src\main\AndroidManifest.xml:6:22-77
12    <uses-permission android:name="android.permission.WAKE_LOCK" />
12-->src\main\AndroidManifest.xml:7:5-68
12-->src\main\AndroidManifest.xml:7:22-65
13    <uses-permission android:name="android.permission.MOUNT_FORMAT_FILESYSTEMS" />
13-->src\main\AndroidManifest.xml:8:5-9:47
13-->src\main\AndroidManifest.xml:8:22-80
14    <uses-permission android:name="android.permission.MANAGE_DOCUMENTS" />
14-->src\main\AndroidManifest.xml:10:5-11:47
14-->src\main\AndroidManifest.xml:10:22-72
15    <uses-permission android:name="android.permission.DELETE_CACHE_FILES" />
15-->src\main\AndroidManifest.xml:12:5-13:47
15-->src\main\AndroidManifest.xml:12:22-74
16    <uses-permission android:name="android.permission.READ_OWNER_DATA" />
16-->src\main\AndroidManifest.xml:14:5-74
16-->src\main\AndroidManifest.xml:14:22-71
17    <uses-permission android:name="android.permission.WRITE_OWNER_DATA" />
17-->src\main\AndroidManifest.xml:15:5-75
17-->src\main\AndroidManifest.xml:15:22-72
18    <uses-permission android:name="android.permission.READ_CALENDAR" />
18-->src\main\AndroidManifest.xml:16:5-72
18-->src\main\AndroidManifest.xml:16:22-69
19    <uses-permission android:name="android.permission.SYSTEM_OVERLAY_WINDOW" />
19-->src\main\AndroidManifest.xml:17:5-80
19-->src\main\AndroidManifest.xml:17:22-77
20    <uses-permission android:name="android.permission.SYSTEM_ALERT_WINDOW" />
20-->src\main\AndroidManifest.xml:18:5-78
20-->src\main\AndroidManifest.xml:18:22-75
21    <uses-permission android:name="android.permission.READ_PHONE_STATE" />
21-->src\main\AndroidManifest.xml:19:5-75
21-->src\main\AndroidManifest.xml:19:22-72
22    <uses-permission android:name="android.permission.ACCESS_NETWORK_STATE" />
22-->src\main\AndroidManifest.xml:20:5-79
22-->src\main\AndroidManifest.xml:20:22-76
23    <uses-permission android:name="android.permission.ACCESS_WIFI_STATE" />
23-->src\main\AndroidManifest.xml:21:5-76
23-->src\main\AndroidManifest.xml:21:22-73
24    <uses-permission android:name="android.permission.INTERNET" />
24-->src\main\AndroidManifest.xml:22:5-67
24-->src\main\AndroidManifest.xml:22:22-64
25    <uses-permission android:name="android.permission.USE_FULL_SCREEN_INTENT" />
25-->src\main\AndroidManifest.xml:23:5-81
25-->src\main\AndroidManifest.xml:23:22-78
26    <uses-permission android:name="android.permission.READ_EXTERNAL_STORAGE" />
26-->src\main\AndroidManifest.xml:24:5-80
26-->src\main\AndroidManifest.xml:24:22-77
27    <uses-permission android:name="android.permission.MANAGE_EXTERNAL_STORAGE" />
27-->src\main\AndroidManifest.xml:25:5-26:40
27-->src\main\AndroidManifest.xml:25:22-79
28    <uses-permission android:name="android.permission.WRITE_EXTERNAL_STORAGE" />
28-->src\main\AndroidManifest.xml:27:5-80
28-->src\main\AndroidManifest.xml:27:22-78
29    <uses-permission android:name="android.permission.MOUNT_UNMOUNT_FILESYSTEMS" />
29-->src\main\AndroidManifest.xml:28:5-30:47
29-->src\main\AndroidManifest.xml:29:9-68
30
31    <application
31-->src\main\AndroidManifest.xml:32:5-121:19
32        android:allowBackup="true"
32-->src\main\AndroidManifest.xml:33:9-35
33        android:appComponentFactory="androidx.core.app.CoreComponentFactory"
33-->[androidx.core:core:1.7.0] AndroidManifest.xml:24:18-86
34        android:dataExtractionRules="@xml/data_extraction_rules"
34-->src\main\AndroidManifest.xml:34:9-65
35        android:fullBackupContent="@xml/backup_rules"
35-->src\main\AndroidManifest.xml:35:9-54
36        android:icon="@mipmap/ic_nuoran_round"
36-->src\main\AndroidManifest.xml:36:9-47
37        android:label="@string/app_name"
37-->src\main\AndroidManifest.xml:37:9-41
38        android:networkSecurityConfig="@xml/network_security_config"
38-->src\main\AndroidManifest.xml:38:9-69
39        android:requestLegacyExternalStorage="true"
39-->src\main\AndroidManifest.xml:43:9-52
40        android:roundIcon="@mipmap/ic_nuoran_round"
40-->src\main\AndroidManifest.xml:39:9-52
41        android:supportsRtl="true"
41-->src\main\AndroidManifest.xml:40:9-35
42        android:theme="@style/XFC"
42-->src\main\AndroidManifest.xml:41:9-35
43        android:usesCleartextTraffic="true" >
43-->src\main\AndroidManifest.xml:42:9-44
44        <activity
44-->src\main\AndroidManifest.xml:45:9-48:63
45            android:name="com.minecraft.mcustom.activity.SettingsActivity"
45-->src\main\AndroidManifest.xml:46:13-54
46            android:exported="false"
46-->src\main\AndroidManifest.xml:47:13-37
47            android:label="@string/title_activity_settings" />
47-->src\main\AndroidManifest.xml:48:13-60
48
49        <uses-library
49-->src\main\AndroidManifest.xml:50:9-52:40
50            android:name="org.apache.http.legacy"
50-->src\main\AndroidManifest.xml:51:13-50
51            android:required="false" />
51-->src\main\AndroidManifest.xml:52:13-37
52
53        <activity
53-->src\main\AndroidManifest.xml:54:9-64:20
54            android:name="com.minecraft.mcustom.activity.MainActivity"
54-->src\main\AndroidManifest.xml:55:13-50
55            android:exported="true" >
55-->src\main\AndroidManifest.xml:56:13-36
56            <intent-filter>
56-->src\main\AndroidManifest.xml:57:13-59:29
57                <category android:name="android.intent.category.DEFAULT" />
57-->src\main\AndroidManifest.xml:58:17-76
57-->src\main\AndroidManifest.xml:58:27-73
58            </intent-filter>
59
60            <meta-data
60-->src\main\AndroidManifest.xml:61:13-63:36
61                android:name="android.app.lib_name"
61-->src\main\AndroidManifest.xml:62:17-52
62                android:value="" />
62-->src\main\AndroidManifest.xml:63:17-33
63        </activity>
64        <activity
64-->src\main\AndroidManifest.xml:66:9-76:20
65            android:name="com.minecraft.mcustom.activity.LoginActivity"
65-->src\main\AndroidManifest.xml:67:13-51
66            android:exported="true" >
66-->src\main\AndroidManifest.xml:68:13-36
67            <intent-filter>
67-->src\main\AndroidManifest.xml:57:13-59:29
68                <category android:name="android.intent.category.DEFAULT" />
68-->src\main\AndroidManifest.xml:58:17-76
68-->src\main\AndroidManifest.xml:58:27-73
69            </intent-filter>
70
71            <meta-data
71-->src\main\AndroidManifest.xml:61:13-63:36
72                android:name="android.app.lib_name"
72-->src\main\AndroidManifest.xml:62:17-52
73                android:value="" />
73-->src\main\AndroidManifest.xml:63:17-33
74        </activity>
75        <activity
75-->src\main\AndroidManifest.xml:78:9-94:20
76            android:name="com.minecraft.mcustom.activity.Aauthority"
76-->src\main\AndroidManifest.xml:79:13-48
77            android:exported="true" >
77-->src\main\AndroidManifest.xml:80:13-36
78            <intent-filter>
78-->src\main\AndroidManifest.xml:82:13-88:29
79                <action android:name="android.intent.action.MAIN" />
79-->src\main\AndroidManifest.xml:83:17-69
79-->src\main\AndroidManifest.xml:83:25-66
80
81                <category android:name="android.intent.category.LAUNCHER" />
81-->src\main\AndroidManifest.xml:85:17-77
81-->src\main\AndroidManifest.xml:85:27-74
82                <category android:name="android.intent.category.DEFAULT" />
82-->src\main\AndroidManifest.xml:58:17-76
82-->src\main\AndroidManifest.xml:58:27-73
83            </intent-filter>
84
85            <meta-data
85-->src\main\AndroidManifest.xml:61:13-63:36
86                android:name="android.app.lib_name"
86-->src\main\AndroidManifest.xml:62:17-52
87                android:value="" />
87-->src\main\AndroidManifest.xml:63:17-33
88        </activity>
89        <activity
89-->src\main\AndroidManifest.xml:96:9-106:20
90            android:name="com.minecraft.mcustom.activity.WebViewActivity"
90-->src\main\AndroidManifest.xml:97:13-53
91            android:exported="true" >
91-->src\main\AndroidManifest.xml:98:13-36
92            <intent-filter>
92-->src\main\AndroidManifest.xml:57:13-59:29
93                <category android:name="android.intent.category.DEFAULT" />
93-->src\main\AndroidManifest.xml:58:17-76
93-->src\main\AndroidManifest.xml:58:27-73
94            </intent-filter>
95
96            <meta-data
96-->src\main\AndroidManifest.xml:61:13-63:36
97                android:name="android.app.lib_name"
97-->src\main\AndroidManifest.xml:62:17-52
98                android:value="" />
98-->src\main\AndroidManifest.xml:63:17-33
99        </activity>
100
101        <service
101-->src\main\AndroidManifest.xml:108:9-112:41
102            android:name="com.minecraft.mcustom.FloatingWindowService"
102-->src\main\AndroidManifest.xml:109:13-50
103            android:enabled="true"
103-->src\main\AndroidManifest.xml:110:13-35
104            android:exported="false"
104-->src\main\AndroidManifest.xml:111:13-37
105            android:permission="TODO" />
105-->src\main\AndroidManifest.xml:112:13-38
106        <service
106-->src\main\AndroidManifest.xml:114:9-119:45
107            android:name="com.minecraft.mcustom.util.websocket.SocketService"
107-->src\main\AndroidManifest.xml:115:13-57
108            android:enabled="true"
108-->src\main\AndroidManifest.xml:116:13-35
109            android:exported="false"
109-->src\main\AndroidManifest.xml:117:13-37
110            android:permission="TODO" />
110-->src\main\AndroidManifest.xml:118:13-38
111
112        <uses-library
112-->[androidx.window:window:1.0.0] AndroidManifest.xml:25:9-27:40
113            android:name="androidx.window.extensions"
113-->[androidx.window:window:1.0.0] AndroidManifest.xml:26:13-54
114            android:required="false" />
114-->[androidx.window:window:1.0.0] AndroidManifest.xml:27:13-37
115        <uses-library
115-->[androidx.window:window:1.0.0] AndroidManifest.xml:28:9-30:40
116            android:name="androidx.window.sidecar"
116-->[androidx.window:window:1.0.0] AndroidManifest.xml:29:13-51
117            android:required="false" />
117-->[androidx.window:window:1.0.0] AndroidManifest.xml:30:13-37
118
119        <provider
119-->[androidx.emoji2:emoji2:1.0.0] AndroidManifest.xml:26:9-34:20
120            android:name="androidx.startup.InitializationProvider"
120-->[androidx.emoji2:emoji2:1.0.0] AndroidManifest.xml:27:13-67
121            android:authorities="com.minecraft.mcustom.androidx-startup"
121-->[androidx.emoji2:emoji2:1.0.0] AndroidManifest.xml:28:13-68
122            android:exported="false" >
122-->[androidx.emoji2:emoji2:1.0.0] AndroidManifest.xml:29:13-37
123            <meta-data
123-->[androidx.emoji2:emoji2:1.0.0] AndroidManifest.xml:31:13-33:52
124                android:name="androidx.emoji2.text.EmojiCompatInitializer"
124-->[androidx.emoji2:emoji2:1.0.0] AndroidManifest.xml:32:17-75
125                android:value="androidx.startup" />
125-->[androidx.emoji2:emoji2:1.0.0] AndroidManifest.xml:33:17-49
126            <meta-data
126-->[androidx.lifecycle:lifecycle-process:2.4.0] AndroidManifest.xml:31:13-33:52
127                android:name="androidx.lifecycle.ProcessLifecycleInitializer"
127-->[androidx.lifecycle:lifecycle-process:2.4.0] AndroidManifest.xml:32:17-78
128                android:value="androidx.startup" />
128-->[androidx.lifecycle:lifecycle-process:2.4.0] AndroidManifest.xml:33:17-49
129        </provider>
130    </application>
131
132</manifest>